2026-02-10 22:15:25,606 - INFO - Logging to file: chess_game_2026-02-10_22-15-25.log
2026-02-10 22:15:28,010 - INFO - Move: e4 (White)
2026-02-10 22:15:28,054 - INFO - AI (easy) best move: Nh6, score: 0.0, depth: 2, nodes: 620, time: 0.029074907302856445s
2026-02-10 22:15:28,054 - INFO - Nodes per second: 21324.22963697939
2026-02-10 22:15:28,054 - INFO - Move: Nh6 (Black)
2026-02-10 22:15:33,144 - INFO - Move: Nf3 (White)
2026-02-10 22:15:33,189 - INFO - AI (easy) best move: Rg8, score: 0.0, depth: 2, nodes: 580, time: 0.028650760650634766s
2026-02-10 22:15:33,189 - INFO - Nodes per second: 20243.79062994092
2026-02-10 22:15:33,189 - INFO - Move: Rg8 (Black)
2026-02-10 22:15:36,968 - INFO - Move: Ng5 (White)
2026-02-10 22:15:37,013 - INFO - AI (easy) best move: Rh8, score: 1.0, depth: 2, nodes: 611, time: 0.028398990631103516s
2026-02-10 22:15:37,013 - INFO - Nodes per second: 21514.849169702975
2026-02-10 22:15:37,013 - INFO - Move: Rh8 (Black)
2026-02-10 22:15:52,892 - INFO - Move: d4 (White)
2026-02-10 22:15:52,942 - INFO - AI (easy) best move: Rg8, score: 1.0, depth: 2, nodes: 760, time: 0.034281015396118164s
2026-02-10 22:15:52,943 - INFO - Nodes per second: 22169.705045728
2026-02-10 22:15:52,943 - INFO - Move: Rg8 (Black)
2026-02-10 22:15:57,486 - INFO - Move: Nxh7 (White)
2026-02-10 22:15:57,535 - INFO - AI (easy) best move: Rh8, score: 4.75, depth: 2, nodes: 759, time: 0.03316307067871094s
2026-02-10 22:15:57,535 - INFO - Nodes per second: 22886.903548628285
2026-02-10 22:15:57,535 - INFO - Move: Rh8 (Black)
2026-02-10 22:16:08,120 - INFO - Move: Ng5 (White)
2026-02-10 22:16:08,172 - INFO - AI (easy) best move: f6, score: 1.0, depth: 2, nodes: 800, time: 0.03796696662902832s
2026-02-10 22:16:08,173 - INFO - Nodes per second: 21070.94853841565
2026-02-10 22:16:08,173 - INFO - Move: f6 (Black)
2026-02-10 22:16:22,143 - INFO - Move: Nf3 (White)
2026-02-10 22:16:22,197 - INFO - AI (easy) best move: Ng8, score: 1.0, depth: 2, nodes: 814, time: 0.038484811782836914s
2026-02-10 22:16:22,197 - INFO - Nodes per second: 21151.20127371962
2026-02-10 22:16:22,197 - INFO - Move: Ng8 (Black)
2026-02-10 22:16:29,602 - INFO - Move: Bc4 (White)
2026-02-10 22:16:29,653 - INFO - AI (easy) best move: e6, score: 2.0, depth: 2, nodes: 961, time: 0.035822153091430664s
2026-02-10 22:16:29,653 - INFO - Nodes per second: 26826.974848418293
2026-02-10 22:16:29,653 - INFO - Move: e6 (Black)
2026-02-10 22:16:48,610 - INFO - Move: Bf4 (White)
2026-02-10 22:16:48,681 - INFO - AI (easy) best move: Bb4+, score: 1.0, depth: 2, nodes: 1370, time: 0.05931806564331055s
2026-02-10 22:16:48,681 - INFO - Nodes per second: 23095.830673880017
2026-02-10 22:16:48,681 - INFO - Move: Bb4+ (Black)
2026-02-10 22:16:48,681 - WARNING - Check!
2026-02-10 22:16:59,645 - INFO - Move: c3 (White)
2026-02-10 22:16:59,712 - INFO - AI (easy) best move: Bf8, score: 2.0, depth: 2, nodes: 1543, time: 0.050547122955322266s
2026-02-10 22:16:59,713 - INFO - Nodes per second: 30525.970812697513
2026-02-10 22:16:59,713 - INFO - Move: Bf8 (Black)
2026-02-10 22:17:02,699 - INFO - Move: O-O (White)
2026-02-10 22:17:02,758 - INFO - AI (easy) best move: Rh7, score: 2.0, depth: 2, nodes: 1317, time: 0.0436253547668457s
2026-02-10 22:17:02,758 - INFO - Nodes per second: 30188.86624621539
2026-02-10 22:17:02,758 - INFO - Move: Rh7 (Black)
2026-02-10 22:17:18,722 - INFO - Move: Qd3 (White)
2026-02-10 22:17:18,779 - INFO - AI (easy) best move: Ne7, score: 2.0, depth: 2, nodes: 1227, time: 0.0410768985748291s
2026-02-10 22:17:18,779 - INFO - Nodes per second: 29870.804334577366
2026-02-10 22:17:18,779 - INFO - Move: Ne7 (Black)
2026-02-10 22:17:28,111 - INFO - Move: e5 (White)
2026-02-10 22:17:28,163 - INFO - AI (easy) best move: Rh8, score: 2.0, depth: 2, nodes: 1056, time: 0.035851240158081055s
2026-02-10 22:17:28,163 - INFO - Nodes per second: 29455.04800792706
2026-02-10 22:17:28,163 - INFO - Move: Rh8 (Black)
2026-02-10 22:17:37,358 - INFO - Move: exf6 (White)
2026-02-10 22:17:37,416 - INFO - AI (easy) best move: gxf6, score: 2.0, depth: 2, nodes: 1249, time: 0.04214286804199219s
2026-02-10 22:17:37,416 - INFO - Nodes per second: 29637.280470694728
2026-02-10 22:17:37,417 - INFO - Move: gxf6 (Black)
2026-02-10 22:17:50,933 - INFO - Move: Nbd2 (White)
2026-02-10 22:17:50,992 - INFO - AI (easy) best move: Rg8, score: 2.0, depth: 2, nodes: 1233, time: 0.04297804832458496s
2026-02-10 22:17:50,992 - INFO - Nodes per second: 28689.064489107583
2026-02-10 22:17:50,992 - INFO - Move: Rg8 (Black)
2026-02-10 22:18:17,786 - INFO - Move: Ne4 (White)
2026-02-10 22:18:17,859 - INFO - AI (easy) best move: Rh8, score: 2.0, depth: 2, nodes: 1249, time: 0.05739092826843262s
2026-02-10 22:18:17,859 - INFO - Nodes per second: 21763.02139874956
2026-02-10 22:18:17,859 - INFO - Move: Rh8 (Black)
2026-02-10 22:18:28,918 - INFO - Move: Nxf6+ (White)
2026-02-10 22:18:28,919 - WARNING - Check!
2026-02-10 22:18:28,936 - INFO - AI (easy) best move: Kf7, score: 3.0, depth: 2, nodes: 56, time: 0.002811908721923828s
2026-02-10 22:18:28,938 - INFO - Nodes per second: 19915.297948109208
2026-02-10 22:18:28,938 - INFO - Move: Kf7 (Black)
2026-02-10 22:18:51,182 - INFO - Move: Bg5 (White)
2026-02-10 22:18:51,241 - INFO - AI (easy) best move: Bg7, score: 3.0, depth: 2, nodes: 1342, time: 0.042291879653930664s
2026-02-10 22:18:51,241 - INFO - Nodes per second: 31731.85989796206
2026-02-10 22:18:51,241 - INFO - Move: Bg7 (Black)
2026-02-10 22:19:08,061 - INFO - Move: Ne4 (White)
2026-02-10 22:19:08,130 - INFO - AI (easy) best move: Bxd4, score: 4.75, depth: 2, nodes: 1692, time: 0.055036067962646484s
2026-02-10 22:19:08,131 - INFO - Nodes per second: 30743.475372339042
2026-02-10 22:19:08,131 - INFO - Move: Bxd4 (Black)
2026-02-10 22:19:12,791 - INFO - Move: Qxd4 (White)
2026-02-10 22:19:12,870 - INFO - AI (easy) best move: Rg8, score: 8.0, depth: 2, nodes: 1727, time: 0.0633859634399414s
2026-02-10 22:19:12,872 - INFO - Nodes per second: 27245.77976378545
2026-02-10 22:19:12,872 - INFO - Move: Rg8 (Black)
2026-02-10 22:20:10,222 - INFO - Move: Qf6+ (White)
2026-02-10 22:20:10,224 - WARNING - Check!
2026-02-10 22:20:10,238 - INFO - AI (easy) best move: Ke8, score: 8.0, depth: 2, nodes: 52, time: 0.0026559829711914062s
2026-02-10 22:20:10,238 - INFO - Nodes per second: 19578.438779174146
2026-02-10 22:20:10,238 - INFO - Move: Ke8 (Black)
2026-02-10 22:20:53,619 - INFO - Move: a4 (White)
2026-02-10 22:20:53,673 - INFO - AI (easy) best move: Rxg5, score: 6.25, depth: 2, nodes: 1079, time: 0.04022026062011719s
2026-02-10 22:20:53,673 - INFO - Nodes per second: 26827.275193247024
2026-02-10 22:20:53,673 - INFO - Move: Rxg5 (Black)
2026-02-10 22:21:06,719 - INFO - Move: Qxg5 (White)
2026-02-10 22:21:06,768 - INFO - AI (easy) best move: Kf8, score: 9.5, depth: 2, nodes: 1010, time: 0.03526711463928223s
2026-02-10 22:21:06,769 - INFO - Nodes per second: 28638.57761913454
2026-02-10 22:21:06,769 - INFO - Move: Kf8 (Black)
2026-02-10 22:21:17,041 - INFO - Move: Qf6+ (White)
2026-02-10 22:21:17,042 - WARNING - Check!
2026-02-10 22:21:17,062 - INFO - AI (easy) best move: Kg8, score: 9.5, depth: 2, nodes: 104, time: 0.003365039825439453s
2026-02-10 22:21:17,062 - INFO - Nodes per second: 30906.023522743377
2026-02-10 22:21:17,062 - INFO - Move: Kg8 (Black)
2026-02-10 22:21:26,560 - INFO - Move: Nfg5 (White)
2026-02-10 22:21:26,610 - INFO - AI (easy) best move: Qe8, score: 9.5, depth: 2, nodes: 814, time: 0.03446793556213379s
2026-02-10 22:21:26,610 - INFO - Nodes per second: 23616.15184444798
2026-02-10 22:21:26,610 - INFO - Move: Qe8 (Black)
2026-02-10 22:21:53,916 - INFO - Move: b4 (White)
2026-02-10 22:21:53,975 - INFO - AI (easy) best move: Nec6, score: 7.25, depth: 2, nodes: 947, time: 0.04324984550476074s
2026-02-10 22:21:53,975 - INFO - Nodes per second: 21896.03197301037
2026-02-10 22:21:53,975 - INFO - Move: Nec6 (Black)
2026-02-10 22:22:10,897 - INFO - Move: Rae1 (White)
2026-02-10 22:22:10,955 - INFO - AI (easy) best move: Qh5, score: 7.25, depth: 2, nodes: 887, time: 0.04089021682739258s
2026-02-10 22:22:10,955 - INFO - Nodes per second: 21692.230289319323
2026-02-10 22:22:10,955 - INFO - Move: Qh5 (Black)
2026-02-10 22:22:42,229 - INFO - Move: Ng3 (White)
2026-02-10 22:22:42,300 - INFO - AI (easy) best move: Qe8, score: 7.25, depth: 2, nodes: 1281, time: 0.056224822998046875s
2026-02-10 22:22:42,300 - INFO - Nodes per second: 22783.5310400977
2026-02-10 22:22:42,300 - INFO - Move: Qe8 (Black)
2026-02-10 22:22:53,993 - INFO - Move: Re4 (White)
2026-02-10 22:22:54,058 - INFO - AI (easy) best move: d6, score: 7.25, depth: 2, nodes: 1000, time: 0.048774003982543945s
2026-02-10 22:22:54,058 - INFO - Nodes per second: 20502.725188563494
2026-02-10 22:22:54,058 - INFO - Move: d6 (Black)
2026-02-10 22:22:59,017 - INFO - Move: Rh4 (White)
2026-02-10 22:22:59,085 - INFO - AI (easy) best move: Qd7, score: 7.25, depth: 2, nodes: 1125, time: 0.050746917724609375s
2026-02-10 22:22:59,085 - INFO - Nodes per second: 22168.834097571977
2026-02-10 22:22:59,085 - INFO - Move: Qd7 (Black)
2026-02-10 22:23:09,287 - INFO - Move: Qh8# (White)
2026-02-10 22:23:09,288 - WARNING - Check!
2026-02-10 22:23:09,288 - INFO - Checkmate - White wins
2026-02-10 22:23:09,288 - INFO - Game over. Total moves: 61
2026-02-10 22:23:09,291 - INFO - PGN file generated: chess_game_2026-02-10_22-15-25.pgn
