2026-02-12 14:58:36,755 - INFO - Logging to file: chess_game_2026-02-12_14-58-36.log
2026-02-12 14:58:38,765 - INFO - Move: e4 (White)
2026-02-12 14:58:38,809 - INFO - AI (easy) best move: Nh6, score: 0.0, depth: 2, nodes: 620, time: 0.027148008346557617s
2026-02-12 14:58:38,809 - INFO - Nodes per second: 22837.771083808304
2026-02-12 14:58:38,809 - INFO - Move: Nh6 (Black)
2026-02-12 14:58:42,951 - INFO - Move: d4 (White)
2026-02-12 14:58:43,006 - INFO - AI (easy) best move: Ng8, score: 0.0, depth: 2, nodes: 779, time: 0.03836965560913086s
2026-02-12 14:58:43,006 - INFO - Nodes per second: 20302.50174605739
2026-02-12 14:58:43,006 - INFO - Move: Ng8 (Black)
2026-02-12 14:58:47,558 - INFO - Move: Nf3 (White)
2026-02-12 14:58:47,608 - INFO - AI (easy) best move: Nf6, score: 0.0, depth: 2, nodes: 740, time: 0.03381705284118652s
2026-02-12 14:58:47,608 - INFO - Nodes per second: 21882.450947905723
2026-02-12 14:58:47,608 - INFO - Move: Nf6 (Black)
2026-02-12 14:58:53,276 - INFO - Move: Ng5 (White)
2026-02-12 14:58:53,328 - INFO - AI (easy) best move: Rg8, score: 1.0, depth: 2, nodes: 837, time: 0.037194252014160156s
2026-02-12 14:58:53,328 - INFO - Nodes per second: 22503.477141611755
2026-02-12 14:58:53,329 - INFO - Move: Rg8 (Black)
2026-02-12 14:59:00,907 - INFO - Move: Qf3 (White)
2026-02-12 14:59:00,969 - INFO - AI (easy) best move: Nxe4, score: 2.25, depth: 2, nodes: 922, time: 0.04674887657165527s
2026-02-12 14:59:00,969 - INFO - Nodes per second: 19722.399073842687
2026-02-12 14:59:00,969 - INFO - Move: Nxe4 (Black)
2026-02-12 14:59:03,432 - INFO - Move: Qxe4 (White)
2026-02-12 14:59:03,489 - INFO - AI (easy) best move: Rh8, score: 3.25, depth: 2, nodes: 892, time: 0.04022216796875s
2026-02-12 14:59:03,489 - INFO - Nodes per second: 22176.825493171473
2026-02-12 14:59:03,489 - INFO - Move: Rh8 (Black)
2026-02-12 14:59:11,260 - INFO - Move: Qf4 (White)
2026-02-12 14:59:11,306 - INFO - AI (easy) best move: Rg8, score: 3.25, depth: 2, nodes: 824, time: 0.029726028442382812s
2026-02-12 14:59:11,306 - INFO - Nodes per second: 27719.814693615655
2026-02-12 14:59:11,306 - INFO - Move: Rg8 (Black)
2026-02-12 14:59:17,700 - INFO - Move: Qxf7# (White)
2026-02-12 14:59:17,700 - WARNING - Check!
2026-02-12 14:59:17,700 - INFO - Checkmate - White wins
2026-02-12 14:59:17,700 - INFO - Game over. Total moves: 15
2026-02-12 14:59:17,701 - INFO - PGN file generated: chess_game_2026-02-12_14-58-36.pgn
