2026-02-09 13:44:26,763 - INFO - Logging to file: chess_game_2026-02-09_13-44-26.log
2026-02-09 13:44:29,424 - INFO - Move: e4 (White)
2026-02-09 13:44:29,463 - INFO - AI (easy) best move: Nh6, score: 0.0, depth: 2, nodes: 620, time: 0.023102760314941406s
2026-02-09 13:44:29,463 - INFO - Nodes per second: 26836.620020639835
2026-02-09 13:44:29,463 - INFO - Move: Nh6 (Black)
2026-02-09 13:44:30,802 - INFO - Move: d4 (White)
2026-02-09 13:44:30,846 - INFO - AI (easy) best move: Ng8, score: 0.0, depth: 2, nodes: 779, time: 0.02798008918762207s
2026-02-09 13:44:30,847 - INFO - Nodes per second: 27841.226479886158
2026-02-09 13:44:30,847 - INFO - Move: Ng8 (Black)
2026-02-09 13:44:35,691 - INFO - Move: Nf3 (White)
2026-02-09 13:44:35,735 - INFO - AI (easy) best move: Nf6, score: 0.0, depth: 2, nodes: 740, time: 0.02824115753173828s
2026-02-09 13:44:35,735 - INFO - Nodes per second: 26202.891973119913
2026-02-09 13:44:35,735 - INFO - Move: Nf6 (Black)
2026-02-09 13:46:01,486 - INFO - Move: Bc4 (White)
2026-02-09 13:46:01,539 - INFO - AI (easy) best move: Nxe4, score: 0.0, depth: 2, nodes: 937, time: 0.03709602355957031s
2026-02-09 13:46:01,539 - INFO - Nodes per second: 25258.77196771042
2026-02-09 13:46:01,539 - INFO - Move: Nxe4 (Black)
2026-02-09 13:46:19,015 - INFO - Move: Qd3 (White)
2026-02-09 13:46:19,076 - INFO - AI (easy) best move: Nf6, score: 0.0, depth: 2, nodes: 1231, time: 0.0455780029296875s
2026-02-09 13:46:19,076 - INFO - Nodes per second: 27008.642785403415
2026-02-09 13:46:19,076 - INFO - Move: Nf6 (Black)
2026-02-09 13:46:22,067 - INFO - Move: O-O (White)
2026-02-09 13:46:22,124 - INFO - AI (easy) best move: Rg8, score: 0.0, depth: 2, nodes: 956, time: 0.04039311408996582s
2026-02-09 13:46:22,124 - INFO - Nodes per second: 23667.400286859363
2026-02-09 13:46:22,124 - INFO - Move: Rg8 (Black)
2026-02-09 13:46:33,304 - INFO - Move: Ng5 (White)
2026-02-09 13:46:33,358 - INFO - AI (easy) best move: Rh8, score: 0.0, depth: 2, nodes: 949, time: 0.03686785697937012s
2026-02-09 13:46:33,358 - INFO - Nodes per second: 25740.57940311055
2026-02-09 13:46:33,358 - INFO - Move: Rh8 (Black)
2026-02-09 13:46:39,013 - INFO - Move: a4 (White)
2026-02-09 13:46:39,065 - INFO - AI (easy) best move: Rg8, score: 0.0, depth: 2, nodes: 1039, time: 0.036180973052978516s
2026-02-09 13:46:39,066 - INFO - Nodes per second: 28716.751163066543
2026-02-09 13:46:39,066 - INFO - Move: Rg8 (Black)
2026-02-09 13:46:54,043 - INFO - Move: Qh3 (White)
2026-02-09 13:46:54,097 - INFO - AI (easy) best move: Rh8, score: 0.0, depth: 2, nodes: 986, time: 0.03755807876586914s
2026-02-09 13:46:54,097 - INFO - Nodes per second: 26252.674055735417
2026-02-09 13:46:54,097 - INFO - Move: Rh8 (Black)
2026-02-09 13:47:05,833 - INFO - Move: Qe3 (White)
2026-02-09 13:47:05,889 - INFO - AI (easy) best move: Rg8, score: 0.0, depth: 2, nodes: 1058, time: 0.041346073150634766s
2026-02-09 13:47:05,889 - INFO - Nodes per second: 25588.887151276107
2026-02-09 13:47:05,889 - INFO - Move: Rg8 (Black)
2026-02-09 13:47:58,727 - INFO - Move: Qf3 (White)
2026-02-09 13:47:58,781 - INFO - AI (easy) best move: Rh8, score: 2.25, depth: 2, nodes: 1049, time: 0.03868889808654785s
2026-02-09 13:47:58,782 - INFO - Nodes per second: 27113.721296826952
2026-02-09 13:47:58,782 - INFO - Move: Rh8 (Black)
2026-02-09 13:48:08,894 - INFO - Move: Nc3 (White)
2026-02-09 13:48:08,958 - INFO - AI (easy) best move: Ng8, score: 0.0, depth: 2, nodes: 1124, time: 0.047785282135009766s
2026-02-09 13:48:08,958 - INFO - Nodes per second: 23521.8868609861
2026-02-09 13:48:08,958 - INFO - Move: Ng8 (Black)
2026-02-09 13:48:23,696 - INFO - Move: Qxf7# (White)
2026-02-09 13:48:23,697 - WARNING - Check!
2026-02-09 13:48:23,697 - INFO - Checkmate - White wins
2026-02-09 13:48:23,697 - INFO - Game over. Total moves: 25
2026-02-09 13:48:23,698 - INFO - PGN file generated: chess_game_2026-02-09_13-48-23.pgn
