2026-02-10 01:57:26,230 - INFO - Logging to file: chess_game_2026-02-10_01-57-26.log
2026-02-10 01:57:30,859 - INFO - Move: e4 (White)
2026-02-10 01:57:30,901 - INFO - AI (easy) best move: Nh6, score: 0.0, depth: 2, nodes: 620, time: 0.02637004852294922s
2026-02-10 01:57:30,901 - INFO - Nodes per second: 23511.522910563814
2026-02-10 01:57:30,901 - INFO - Move: Nh6 (Black)
2026-02-10 01:57:35,126 - INFO - Move: d4 (White)
2026-02-10 01:57:35,174 - INFO - AI (easy) best move: Ng8, score: 0.0, depth: 2, nodes: 779, time: 0.03104996681213379s
2026-02-10 01:57:35,174 - INFO - Nodes per second: 25088.593643700136
2026-02-10 01:57:35,174 - INFO - Move: Ng8 (Black)
2026-02-10 01:57:46,564 - INFO - Move: Nf3 (White)
2026-02-10 01:57:46,609 - INFO - AI (easy) best move: Nf6, score: 0.0, depth: 2, nodes: 740, time: 0.030041217803955078s
2026-02-10 01:57:46,609 - INFO - Nodes per second: 24632.82297106395
2026-02-10 01:57:46,609 - INFO - Move: Nf6 (Black)
2026-02-10 01:58:06,371 - INFO - Move: Bc4 (White)
2026-02-10 01:58:06,425 - INFO - AI (easy) best move: Nxe4, score: 0.0, depth: 2, nodes: 937, time: 0.038211822509765625s
2026-02-10 01:58:06,425 - INFO - Nodes per second: 24521.206748527504
2026-02-10 01:58:06,425 - INFO - Move: Nxe4 (Black)
2026-02-10 01:58:23,046 - INFO - Move: O-O (White)
2026-02-10 01:58:23,102 - INFO - AI (easy) best move: f6, score: -1.0, depth: 2, nodes: 1019, time: 0.03957772254943848s
2026-02-10 01:58:23,102 - INFO - Nodes per second: 25746.80740477467
2026-02-10 01:58:23,102 - INFO - Move: f6 (Black)
2026-02-10 01:58:26,715 - INFO - Move: Qd3 (White)
2026-02-10 01:58:26,760 - INFO - AI (easy) best move: Nd6, score: 0.0, depth: 2, nodes: 1058, time: 0.02877187728881836s
2026-02-10 01:58:26,760 - INFO - Nodes per second: 36772.01836291619
2026-02-10 01:58:26,760 - INFO - Move: Nd6 (Black)
2026-02-10 01:58:59,629 - INFO - Move: Bd5 (White)
2026-02-10 01:58:59,685 - INFO - AI (easy) best move: h6, score: 0.0, depth: 2, nodes: 1013, time: 0.03960227966308594s
2026-02-10 01:58:59,685 - INFO - Nodes per second: 25579.335548812793
2026-02-10 01:58:59,685 - INFO - Move: h6 (Black)
2026-02-10 01:59:10,837 - INFO - Move: Qg6+ (White)
2026-02-10 01:59:10,837 - WARNING - Check!
2026-02-10 01:59:10,856 - INFO - AI (easy) best move: Nf7, score: 2.25, depth: 2, nodes: 46, time: 0.0024399757385253906s
2026-02-10 01:59:10,856 - INFO - Nodes per second: 18852.646472542507
2026-02-10 01:59:10,856 - INFO - Move: Nf7 (Black)
2026-02-10 01:59:27,044 - INFO - Move: Bxf7# (White)
2026-02-10 01:59:27,045 - WARNING - Check!
2026-02-10 01:59:27,045 - INFO - Checkmate - White wins
2026-02-10 01:59:27,045 - INFO - Game over. Total moves: 17
2026-02-10 01:59:27,047 - INFO - PGN file generated: chess_game_2026-02-10_01-57-26.pgn
