2026-02-09 13:53:42,565 - INFO - Logging to file: chess_game_2026-02-09_13-53-42.log
2026-02-09 13:53:44,452 - INFO - Move: e4 (White)
2026-02-09 13:53:44,492 - INFO - AI (easy) best move: Nh6, score: 0.0, depth: 2, nodes: 620, time: 0.023118257522583008s
2026-02-09 13:53:44,492 - INFO - Nodes per second: 26818.630227401638
2026-02-09 13:53:44,492 - INFO - Move: Nh6 (Black)
2026-02-09 13:53:46,445 - INFO - Move: d4 (White)
2026-02-09 13:53:46,495 - INFO - AI (easy) best move: Ng8, score: 0.0, depth: 2, nodes: 779, time: 0.03297996520996094s
2026-02-09 13:53:46,495 - INFO - Nodes per second: 23620.40090220346
2026-02-09 13:53:46,495 - INFO - Move: Ng8 (Black)
2026-02-09 13:54:02,697 - INFO - Move: Nh3 (White)
2026-02-09 13:54:02,745 - INFO - AI (easy) best move: Nf6, score: 0.0, depth: 2, nodes: 760, time: 0.031041622161865234s
2026-02-09 13:54:02,745 - INFO - Nodes per second: 24483.256578442066
2026-02-09 13:54:02,745 - INFO - Move: Nf6 (Black)
2026-02-09 13:54:07,154 - INFO - Move: Ng5 (White)
2026-02-09 13:54:07,209 - INFO - AI (easy) best move: Rg8, score: 1.0, depth: 2, nodes: 837, time: 0.03989076614379883s
2026-02-09 13:54:07,209 - INFO - Nodes per second: 20982.299436986745
2026-02-09 13:54:07,209 - INFO - Move: Rg8 (Black)
2026-02-09 13:54:11,469 - INFO - Move: Qf3 (White)
2026-02-09 13:54:11,520 - INFO - AI (easy) best move: Nxe4, score: 2.25, depth: 2, nodes: 922, time: 0.03534293174743652s
2026-02-09 13:54:11,520 - INFO - Nodes per second: 26087.252936136912
2026-02-09 13:54:11,520 - INFO - Move: Nxe4 (Black)
2026-02-09 13:54:16,014 - INFO - Move: Qxe4 (White)
2026-02-09 13:54:16,067 - INFO - AI (easy) best move: Rh8, score: 3.25, depth: 2, nodes: 892, time: 0.03716421127319336s
2026-02-09 13:54:16,067 - INFO - Nodes per second: 24001.585650316272
2026-02-09 13:54:16,067 - INFO - Move: Rh8 (Black)
2026-02-09 13:54:24,057 - INFO - Move: Qf4 (White)
2026-02-09 13:54:24,104 - INFO - AI (easy) best move: Rg8, score: 3.25, depth: 2, nodes: 824, time: 0.030580997467041016s
2026-02-09 13:54:24,104 - INFO - Nodes per second: 26944.837260068918
2026-02-09 13:54:24,104 - INFO - Move: Rg8 (Black)
2026-02-09 13:54:30,048 - INFO - Move: Bc4 (White)
2026-02-09 13:54:30,100 - INFO - AI (easy) best move: Rh8, score: 3.25, depth: 2, nodes: 931, time: 0.03573203086853027s
2026-02-09 13:54:30,100 - INFO - Nodes per second: 26055.054173255667
2026-02-09 13:54:30,101 - INFO - Move: Rh8 (Black)
2026-02-09 13:54:39,158 - INFO - Move: Nxf7 (White)
2026-02-09 13:54:39,212 - INFO - AI (easy) best move: Rg8, score: 13.0, depth: 2, nodes: 881, time: 0.03785967826843262s
2026-02-09 13:54:39,212 - INFO - Nodes per second: 23270.139639157405
2026-02-09 13:54:39,212 - INFO - Move: Rg8 (Black)
2026-02-09 13:54:43,199 - INFO - Move: Nxd8 (White)
2026-02-09 13:54:43,255 - INFO - AI (easy) best move: Kxd8, score: 15.0, depth: 2, nodes: 961, time: 0.039674997329711914s
2026-02-09 13:54:43,255 - INFO - Nodes per second: 24221.80377263249
2026-02-09 13:54:43,255 - INFO - Move: Kxd8 (Black)
2026-02-09 13:55:18,476 - INFO - Move: O-O (White)
2026-02-09 13:55:18,525 - INFO - AI (easy) best move: Rh8, score: 13.5, depth: 2, nodes: 803, time: 0.03240227699279785s
2026-02-09 13:55:18,525 - INFO - Nodes per second: 24782.208984216915
2026-02-09 13:55:18,525 - INFO - Move: Rh8 (Black)
2026-02-09 13:55:27,194 - INFO - Move: a4 (White)
2026-02-09 13:55:27,242 - INFO - AI (easy) best move: Ke8, score: 13.5, depth: 2, nodes: 839, time: 0.03150200843811035s
2026-02-09 13:55:27,242 - INFO - Nodes per second: 26633.22250225159
2026-02-09 13:55:27,242 - INFO - Move: Ke8 (Black)
2026-02-09 13:55:36,010 - INFO - Move: Qf7+ (White)
2026-02-09 13:55:36,011 - WARNING - Check!
2026-02-09 13:55:36,028 - INFO - AI (easy) best move: Kd8, score: 13.5, depth: 2, nodes: 46, time: 0.0023851394653320312s
2026-02-09 13:55:36,028 - INFO - Nodes per second: 19286.083966413436
2026-02-09 13:55:36,029 - INFO - Move: Kd8 (Black)
2026-02-09 13:55:42,294 - INFO - Move: Bg5 (White)
2026-02-09 13:55:42,337 - INFO - AI (easy) best move: Nc6, score: 13.5, depth: 2, nodes: 698, time: 0.028004884719848633s
2026-02-09 13:55:42,337 - INFO - Nodes per second: 24924.22329113493
2026-02-09 13:55:42,337 - INFO - Move: Nc6 (Black)
2026-02-09 13:56:10,062 - INFO - Move: Qf4 (White)
2026-02-09 13:56:10,113 - INFO - AI (easy) best move: Nxd4, score: 12.5, depth: 2, nodes: 824, time: 0.03617596626281738s
2026-02-09 13:56:10,113 - INFO - Nodes per second: 22777.553307454542
2026-02-09 13:56:10,113 - INFO - Move: Nxd4 (Black)
2026-02-09 13:56:12,662 - INFO - Move: Qxd4 (White)
2026-02-09 13:56:12,711 - INFO - AI (easy) best move: Ke8, score: 13.0, depth: 2, nodes: 775, time: 0.032807111740112305s
2026-02-09 13:56:12,712 - INFO - Nodes per second: 23622.926825723276
2026-02-09 13:56:12,712 - INFO - Move: Ke8 (Black)
2026-02-09 13:56:25,464 - INFO - Move: Nc3 (White)
2026-02-09 13:56:25,513 - INFO - AI (easy) best move: Kd8, score: 13.0, depth: 2, nodes: 997, time: 0.0326688289642334s
2026-02-09 13:56:25,513 - INFO - Nodes per second: 30518.388066237054
2026-02-09 13:56:25,513 - INFO - Move: Kd8 (Black)
2026-02-09 13:56:27,603 - INFO - Move: Nd5 (White)
2026-02-09 13:56:27,650 - INFO - AI (easy) best move: Rg8, score: 13.0, depth: 2, nodes: 764, time: 0.030759811401367188s
2026-02-09 13:56:27,650 - INFO - Nodes per second: 24837.603522043777
2026-02-09 13:56:27,650 - INFO - Move: Rg8 (Black)
2026-02-09 13:56:36,624 - INFO - Move: Qf4 (White)
2026-02-09 13:56:36,671 - INFO - AI (easy) best move: Rh8, score: 15.75, depth: 2, nodes: 702, time: 0.030735015869140625s
2026-02-09 13:56:36,671 - INFO - Nodes per second: 22840.398163087997
2026-02-09 13:56:36,671 - INFO - Move: Rh8 (Black)
2026-02-09 13:56:57,854 - INFO - Move: Rae1 (White)
2026-02-09 13:56:57,901 - INFO - AI (easy) best move: Rg8, score: 15.75, depth: 2, nodes: 702, time: 0.03209400177001953s
2026-02-09 13:56:57,902 - INFO - Nodes per second: 21873.246129616975
2026-02-09 13:56:57,902 - INFO - Move: Rg8 (Black)
2026-02-09 13:57:07,469 - INFO - Move: Rxe7 (White)
2026-02-09 13:57:07,520 - INFO - AI (easy) best move: Bxe7, score: 11.5, depth: 2, nodes: 735, time: 0.03485584259033203s
2026-02-09 13:57:07,520 - INFO - Nodes per second: 21086.85217105803
2026-02-09 13:57:07,520 - INFO - Move: Bxe7 (Black)
2026-02-09 13:57:11,839 - INFO - Move: Nxe7 (White)
2026-02-09 13:57:11,888 - INFO - AI (easy) best move: Rh8, score: 14.75, depth: 2, nodes: 813, time: 0.03190922737121582s
2026-02-09 13:57:11,888 - INFO - Nodes per second: 25478.523517412974
2026-02-09 13:57:11,888 - INFO - Move: Rh8 (Black)
2026-02-09 13:57:38,358 - INFO - Move: Re1 (White)
2026-02-09 13:57:38,415 - INFO - AI (easy) best move: Re8, score: 14.75, depth: 2, nodes: 925, time: 0.0411679744720459s
2026-02-09 13:57:38,415 - INFO - Nodes per second: 22468.921822425305
2026-02-09 13:57:38,415 - INFO - Move: Re8 (Black)
2026-02-09 13:57:48,954 - INFO - Move: Qf7 (White)
2026-02-09 13:57:49,004 - INFO - AI (easy) best move: Rxe7, score: 13.5, depth: 2, nodes: 907, time: 0.0336909294128418s
2026-02-09 13:57:49,004 - INFO - Nodes per second: 26921.19261198783
2026-02-09 13:57:49,004 - INFO - Move: Rxe7 (Black)
2026-02-09 13:57:52,675 - INFO - Move: Qxe7# (White)
2026-02-09 13:57:52,675 - WARNING - Check!
2026-02-09 13:57:52,675 - INFO - Checkmate - White wins
2026-02-09 13:57:52,675 - INFO - Game over. Total moves: 49
2026-02-09 13:57:52,678 - INFO - PGN file generated: chess_game_2026-02-09_13-53-42.pgn
