2026-02-09 13:25:36,393 - INFO - Logging to file: chess_game_2026-02-09_13-25-36.log
2026-02-09 13:25:39,116 - INFO - Move: e4 (White)
2026-02-09 13:25:39,161 - INFO - AI (easy) best move: Nh6, score: 0.0, depth: 2, nodes: 620, time: 0.027180910110473633s
2026-02-09 13:25:39,161 - INFO - Nodes per second: 22810.126573395904
2026-02-09 13:25:39,161 - INFO - Move: Nh6 (Black)
2026-02-09 13:25:40,658 - INFO - Move: d4 (White)
2026-02-09 13:25:40,702 - INFO - AI (easy) best move: Ng8, score: 0.0, depth: 2, nodes: 779, time: 0.02805495262145996s
2026-02-09 13:25:40,702 - INFO - Nodes per second: 27766.93336506021
2026-02-09 13:25:40,702 - INFO - Move: Ng8 (Black)
2026-02-09 13:25:49,682 - INFO - Move: Nh3 (White)
2026-02-09 13:25:49,726 - INFO - AI (easy) best move: Nf6, score: 0.0, depth: 2, nodes: 760, time: 0.027112960815429688s
2026-02-09 13:25:49,726 - INFO - Nodes per second: 28030.874428420684
2026-02-09 13:25:49,726 - INFO - Move: Nf6 (Black)
2026-02-09 13:25:55,946 - INFO - Move: Ng5 (White)
2026-02-09 13:25:55,991 - INFO - AI (easy) best move: Rg8, score: 1.0, depth: 2, nodes: 837, time: 0.0299530029296875s
2026-02-09 13:25:55,992 - INFO - Nodes per second: 27943.775853285788
2026-02-09 13:25:55,992 - INFO - Move: Rg8 (Black)
2026-02-09 13:26:41,533 - INFO - Move: a4 (White)
2026-02-09 13:26:41,578 - INFO - AI (easy) best move: Rh8, score: 1.0, depth: 2, nodes: 817, time: 0.03267478942871094s
2026-02-09 13:26:41,578 - INFO - Nodes per second: 25003.986690794467
2026-02-09 13:26:41,579 - INFO - Move: Rh8 (Black)
2026-02-09 13:26:58,176 - INFO - Move: Bc4 (White)
2026-02-09 13:26:58,231 - INFO - AI (easy) best move: Rg8, score: 1.0, depth: 2, nodes: 1000, time: 0.03941679000854492s
2026-02-09 13:26:58,231 - INFO - Nodes per second: 25369.89947134752
2026-02-09 13:26:58,231 - INFO - Move: Rg8 (Black)
2026-02-09 13:27:06,007 - INFO - Move: Qf3 (White)
2026-02-09 13:27:06,065 - INFO - AI (easy) best move: Nxe4, score: 2.25, depth: 2, nodes: 1077, time: 0.041632890701293945s
2026-02-09 13:27:06,065 - INFO - Nodes per second: 25868.96998642775
2026-02-09 13:27:06,065 - INFO - Move: Nxe4 (Black)
2026-02-09 13:27:13,732 - INFO - Move: Qxf7# (White)
2026-02-09 13:27:13,732 - WARNING - Check!
2026-02-09 13:27:13,732 - INFO - Checkmate - White wins
2026-02-09 13:27:13,733 - INFO - Game over. Total moves: 15
2026-02-09 13:27:13,734 - INFO - PGN file generated: chess_game_2026-02-09_13-27-13.pgn
